S01800006275696C642F6D6963617A2F6D61696E2E73726563E5
S11300000C9464000C94D61B0C94E01B0C94EA1B17
S11300100C94F41B0C94FE1B0C94081C0C94121CE2
S11300200C94481C0C9481000C9481000C94FE19CF
S11300300C9450190C94E8190C94B51B0C94FB18EF
S11300400C943F190C94521C0C9481000C94810064
S11300500C9481000C94C01C0C9481000C948100BD
S11300600C94F3190C9481000C9481000C9481007D
S11300700C9481000C9481000C9481000C948100F8
S11300800C9481000C9481000C948100E7023503E8
S11300903B039403B103B703EF03BE04E504FB047D
S11300A0B607EA0746085A08800883088C08BD0882
S11300B018094F09520978097B098609B809200AE9
S11300C0410A00081C18141011241FBECFEFD0E100
S11300D0DEBFCDBF11E0A0E0B1E0E4EDF1E402C089
S11300E005900D92A031B107D9F713E0A0E1B1E07A
S11300F001C01D92AB31B107E1F70E9483000C945B
S1130100E9200C940000C7EED0E1DEBFCDBF8FB76D
S1130110F894182F4BE150E06FEF70E089E491E020
S11301200E94E2208FEF8093E0028093170381E026
S11301308EBD88E080BF83E083BF2CB53DB54AE720
S11301408CB59DB58217930708F441509C01442354
S1130150B9F792B782B78917E9F32CB53DB592B7D1
S113016082B78917E9F38CB59DB5821B930B409632
S113017025E0969587952A95E1F79093E20280937E
S1130180E10213BE83B78EBD8EB580BF12BE1DBC07
S11301901CBC8FEF86BF86B780937C0080B7282F66
S11301A033272770307021153105C1F7D29AD19ABF
S11301B0D09ADA9AD99AD89A25BB8FEF84BBD4986F
S11301C0DC9816B83DBD2CBD87B7846087BF8EB55B
S11301D0887F84608EBD0E94A10299278823D9F765
S11301E080936E0180934701809313028FEF809375
S11301F0A601E4E3F1E09F01275F3F4F8FEF9FEFFC
S113020080839183128233962E173F07BCF70E9496
S11302108416DC01CB0180938602809100019091C9
S113022001010196AA27BB278093B8019093B901D5
S1130230A093BA01B093BB0180B7886080BF8BE004
S113024083BF86EE81BF87B7826087BF0E942C136D
S11302508BEA92E090932C0180932B018E98B89AAC
S11302608C988FEF8093C201E5E7F2E0CF0103960B
S113027011928E179F07E0F7B89AD69AD59A0E94E2
S1130280780B9093C8018093C7010E94C118298BF1
S11302903A8B4B8B5C8B6D8B7E8B8F8B988F88E02E
S11302A0DE011996FE01719601900D928A95E1F78F
S11302B088E0DE011196FE01399601900D928A952F
S11302C0E1F788E0ABE7B2E0FE01319601900D92D0
S11302D08A95E1F78091080199279093B201809360
S11302E0B1018FE1809370028AE1809384020E94BD
S11302F0C11829833A834B835C836D837E838F8308
S1130300988788E0DE011996FE01319601900D92DE
S11303108A95E1F788E0DE015196FE013996019055
S11303200D928A95E1F788E0ABE7B2E0FE017196A1
S113033001900D928A95E1F7E2E8F2E0DF01179768
S11303409F01245030409C9180818D9390833197FC
S11303502A173B07C4F781E080936F011092F702DC
S11303608093B40110927A020E94A1028823E1F7DB
S11303701FBF789420910001309101012093EE0277
S1130380432F55274093ED02A09AA89800E010E06F
S11303900093F0020093EF0287E090E08093F20272
S11303A00093F10283E680931A0384E090E0809343
S11303B0FB020093FA022093FD024093FC0261E0E9
S11303C0862F0E948B0C882319F58FB7F894282F59
S11303D033278091120190911301892B11F02FBFC3
S11303E014C081E090E090931301809312012FBF19
S11303F0DD9A0E94D117DC01CB0124E130E040E01A
S113040050E0BC01CD010E94021780E090E013C0CF
S113041062E081E00E94A30C882319F089E090E057
S11304200AC061E0862F0E94A30C882311F0C80142
S113043002C085E090E0892B11F00E94FD128FB775
S1130440F894682F61C087B79927887B892B41F47A
S113045080917D00282F33272B7F2115310519F03A
S113046080E090E021C08DB19927AC0140745070B8
S113047086FD11C08AB190919A00892B282F3327C9
S1130480287130702115310511F0CA010DC0809119
S1130490740082FF02C0C90107C0379B03C081E01A
S11304A090E002C085E090E0282F87B799278370F9
S11304B09070892BA1F080B7992787709070892B51
S11304C0D1F781B792B7891B8C3018F082B7853F7A
S11304D018F082E090E005C083E090E002C085E07F
S11304E090E0E82F281708F4E22F85B7837EFF27D2
S11304F0EE53FF4F9491892B806285BF7894889541
S1130500F89485B78F7D85BF8091E0028F3F81F09D
S1130510282F3327F901E75BFE4F80818093E002A7
S11305208F3F11F4809317038FEF8083C90102C0BA
S11305308FEF90E08F3F09F486CF6FBF0E94C20215
S11305407ECF8091E0028F3F79F0282F3327F90185
S1130550E75BFE4F80818093E0028F3F11F480932C
S113056017038FEF808302C02FEF30E02F3F19F481
S113057080E090E00895822F0E94C20281E090E022
S1130580089508958F929F92AF92BF92CF92DF9277
S1130590EF92FF920F931F93CF93DF93CDB7DEB704
S11305A0A0970FB6F894DEBF0FBECDBF282F9927B2
S11305B0AA27BB27FC014B9710F00C944F0AEA5B67
S11305C0FF4FEE0FFF1F0590F491E02D09948FB7B4
S11305D0F894E82EFF2481E00E94AE1801E010E0B8
S11305E010931801009317011092190110924801F9
S11305F010926C01EFBE8FB7F894E82EFF240E948E
S1130600A91510936501009364011092AA0189B79A
S11306108F7B89BF80E488BF8AB780628ABF8AB72C
S11306208F7E8ABF89B7806489BFEFBE8FB7F89485
S1130630082F11278091120190911301049719F446
S113064083E00E94B5150FBF8FB7F894082F1127C8
S1130650C09A80E00E941D140FBF8FB7F894282F12
S1130660332782E08093760268C08FB7F894992785
S1130670109276025DC68FB7F8949927F090110115
S11306808FBF63E081E00E94A30C882369F18FB7D8
S1130690F894082F1127109218011092170187B7A8
S11306A08F7E87BF87B78F7D87BF83E00E941D142D
S11306B0C09A0FBF8FB7F894082F112710926501C5
S11306C0109264010E94A915C09A89B78F7B89BFD3
S11306D00FBF1092130110921201DE98DD98DE9A7A
S11306E081E00E94AA0D08C08FB7F894282F332701
S11306F082E0809376022FBF0091D2011091D30142
S11307000E94FB0E8091F4029091F502892B09F06E
S1130710C9C68FEF80930901F801838599274F2D6E
S1130720B8010E943711BEC68FB7F894282F33271B
S1130730122F80911603882311F02FBFB3C621E036
S1130740209316038091120190911301049721F4D0
S1130750822F0E944B0D03C084E00E94AA0D1FBF8C
S1130760A1C68FB7F894992710921603E1C58FB7E5
S1130770F894992700911401002309F0D9C58FBF7B
S113078080B39927A6E096958795AA95E1F7182F47
S113079011708091CA019091C9018917E1F019176C
S11307A0D1F484E090E090931301809312018FB709
S11307B0F894282F332781E0809314012FBF60E041
S11307C070E08DE10E942D0E0E942E18C09AC098F0
S11307D0802F0E94AA0D1093CA0185E094C58FB79B
S11307E0F8949927209102018FBF332722303105D5
S11307F009F469C02330310544F42115310571F041
S11308002130310509F44AC04DC62330310509F4BD
S113081076C02430310509F4AEC044C6C0988FB701
S1130820F894E82EFF24809112019091130102970D
S113083099F583E090E0909313018093120168E1AD
S113084070E08DE10E942D0E11E01093C901109209
S1130850140180B39927F6E096958795FA95E1F708
S113086081238093CA0185E00E94AA0D812F0E94F2
S1130870B5156FE772E08CE10E942D0E0E94F0170F
S11308800E94021866E57AE287E10E942D0E6FEF5E
S113089070E885E10E942D0EEFBE04C6C09886E084
S11308A00E94B5150E94F0170E9402180E942E188B
S11308B0C09AC09883E00E94B515C09A81E00E9456
S11308C01D1484E020C5C0988FB7F894E82EFF2447
S11308D060E0862F0E94A30C082F1127002311F03B
S11308E0EFBE0AC0EFBE83E50E94540E802F0E9423
S11308F0540E802F0E94540EC09A82E039C08FB7E4
S1130900F8949927209117018FBF3327243031059C
S113091071F02530310524F42230310529F027C047
S11309202830310539F023C00E94E60DBBC50E9472
S1130930F515B8C5C09889E00E94B515C09A83E042
S11309400E941D148FB7F894282F332781E090E07C
S113095090931801809317012FBF8FB7F894282F15
S1130960332783E0809311012FBF82E0CCC483E05E
S11309700E941D1497C50E94EB1494C58FB7F89478
S1130980082F112780912D0190912E01609138023A
S113099070913902E091F802F091F9021092390253
S11309A0109238021092F9021092F80210922E015D
S11309B010922D011092D6011092D50120E0AC01C5
S11309C0CF010E942E150FBF6DC58FB7F894282F45
S11309D033278091A5018093050182E0809316015D
S11309E02FBF809105019927892B09F05BC5B89A1F
S11309F0C09886E088C4A0912B01B0912C019C90F2
S1130A009D01290D311DF9018081881F8827881FC8
S1130A109B968C939B97F90180818F7799968C9301
S1130A20999721503040F901808198968C93E090F9
S1130A302B01F0902C01F7018281482F5527569500
S1130A40479556954795437050708FB7F8949927FA
S1130A5020916F018FBF222309F462C042305105F7
S1130A6041F5AA24BB2476E0C72ED12CCE0CDF1C82
S1130A70F60181819927182F0027F701868199278C
S1130A80082B192B0E94AF130817190769F0F601F8
S1130A9081819927382F2227F70186819927282BCE
S1130AA0392B2F5F3F4F19F441E0A42EB12C85015F
S1130AB040C043305105D9F588E0DE015996EBE793
S1130AC0F2E001900D928A95E1F788E0DE015196FB
S1130AD0FE01799601900D928A95E1F788E0DE0196
S1130AE01996FE01719601900D928A95E1F788E0BE
S1130AF0DE011196FE01399601900D928A95E1F777
S1130B0026E030E0E20EF31E00E010E048E050E0A2
S1130B10BE016F5F7F4FC7010E94D520892B49F426
S1130B2001E010E006C04FBF21E030E068C000E003
S1130B3010E0002309F411C23CE0391508F00DC29D
S1130B40C0902B01D0902C013CE0E32EF12CEC0C56
S1130B50FD1CF60182819927382F2227818199274C
S1130B60282B392B232F332726952695B90163701B
S1130B70707042E050E0FA01A0E0B0E0C6010696D1
S1130B8014E0369527951A95E1F72330310511F4D1
S1130B9048E050E06330710511F4E8E0F0E08E0FB6
S1130BA09F1FA417B50744F4FC019A018191A80F73
S1130BB0B11D21503040D1F7F60183819927682F68
S1130BC0582F8FEF8093F6028FB7F894482F20E0C8
S1130BD030E0E4E3F1E0808191818A179B0731F4EE
S1130BE08281851709F49FCF2093F6022F5F3F4F30
S1130BF03396243031057CF34FBF20E030E02223CC
S1130C0009F0A7C19091F602322F8FB7F894282FDC
S1130C109F3F21F080911A01891719F490911A01CC
S1130C2031E0892F9927FC01EE0FFF1FE80FF91F10
S1130C30EC5CFE4FA083B1836283332331F0809157
S1130C401A018F5F837080931A012FBF8FB7F894B6
S1130C50082F1127C6010E943D0CFC0180810FBFA3
S1130C60982FF60183A5882309F473C19F3309F0F3
S1130C7070C1AA24BB24C6010E94FB0A8C010E94F5
S1130C80780B0817190731F0C6010E94FB0A8F5F21
S1130C909F4F19F451E0A52EB12CAA2009F459C193
S1130CA0F601838599278234910509F453C083346E
S1130CB091051CF4459751F04CC18135910509F417
S1130CC092C08535910509F4F5C043C18091F102C4
S1130CD09927382F22278091F2029927282B392B24
S1130CE02530310508F435C1F70182819927582F41
S1130CF0442783819927482B592B8091ED0299270A
S1130D00382F22278091EE029927282B392B42175E
S1130D10530709F01EC10E94B9138091EF0299276D
S1130D20382F22278091F0029927282B392B21155F
S1130D30310541F4A89A81E090E08093F002209379
S1130D40EF0278C0A89880E090E08093F00280934E
S1130D50EF0270C00E94B91381E090E08093AC016F
S1130D6000E010E00093AB018091F1029927382F45
S1130D7022278091F2029927282B392B2093AE0148
S1130D80832F99278093AD018091ED029927382F05
S1130D9022278091EE029927282B392B2093B0012A
S1130DA0832F99278093AF0166E08DED91E00E9437
S1130DB0971226E0FC01ABEAB1E00D9001922A956E
S1130DC0E1F76FEF7FEF8DED91E00E94A01262E6F4
S1130DD08DED91E00E94A61246E06DED71E0802F4A
S1130DE00E94A91261C08091F1029927382F22270D
S1130DF08091F2029927282B392B2530310508F4EC
S1130E00A8C0F70182819927582F44278381992705
S1130E10482B592B8091ED029927382F2227809156
S1130E20EE029927282B392B4217530709F091C05A
S1130E300E94B91387E090E08093E8021092E702E1
S1130E408091ED029927382F22278091EE0299276D
S1130E50282B392B2093EA02832F99278093E902C8
S1130E608091EF029927382F22278091F002992749
S1130E70282B392B2093EC02832F99278093EB02A4
S1130E8066E08CE392E00E94C31326E0FC01A7EE27
S1130E90B2E00D9001922A95E1F746E06CE372E02E
S1130EA08FEF9FEF0E94C613882309F452C00E945B
S1130EB0FD124FC00E94B913F70182819927382F80
S1130EC0222783819927282B392B80910001909127
S1130ED0010128173907E9F58091250281FF03C034
S1130EE08D7F809325028091F1029927382F222744
S1130EF08091F2029927282B392B20931001263058
S1130F0018F024502093100120911A03213039F451
S1130F108091100163E00E944C20923030F422232F
S1130F20C1F48091100180FF14C0F7018581809382
S1130F301A030E94C810DC01CB01EE2402E310E086
S1130F4020E030E0AC01BD0181E00E94A810E092F5
S1130F50B701D0922C01C0922B018FB7F894992736
S1130F601092AA018FBF0E94DD139CC240916A01B6
S1130F70442349F58FB7F894282F3327E090710262
S1130F80F0907202009173021091740280914201F8
S1130F9090914301A0914401B0914501E80EF91EDE
S1130FA00A1F1B1F2FBF8091870290918802A09176
S1130FB08902B0918A0240936A019C01AD01C80183
S1130FC0B7010E9407130E94C810DC01CB01BC01C9
S1130FD0CD0147C00E94C8107B018C01BFEFAB2E2E
S1130FE0BFEFBB2EBFEFCB2EBFE7DB2E60E08FB78A
S1130FF0F89499276093D4018FBFE4E1F2E0ABE168
S11310008A2E912C8E0E9F1E808581FF1CC08081AC
S11310109181A281B381A8019701281B390B4A0B46
S11310205B0BDA01C9012481358146815781281B74
S1131030390B4A0B5B0B2A153B054C055D051CF46B
S113104059016A0161E039968E169F06E8F6662317
S113105009F428C21A141B041C041D042CF0C80132
S1131060B7010E944A111EC2A0928702B092880260
S1131070C0928902D0928A0281E080936A01A6011B
S11310809501C801B7010E9407130CC29091BD01DC
S113109080910901981709F405C290930901892FD9
S11310A09927892B19F40E941611FCC18FEF8093A4
S11310B00901F8C18FB7F894282F33278091830250
S11310C080930C0183E080931E012FBF10910C01CB
S11310D080E00E940E10882309F4E4C1909122015B
S11310E0992309F0DFC182E08093CF019093E3025A
S11310F00E94241081E08093220110936B01D2C1DD
S11311000E94EE10CFC180912101813009F0CAC143
S11311101D98159880E1F7C080E00E94020F10929C
S1131120210180912001813011F40E94EE108FB7CB
S1131130F89499271092200110921F01F9C080E0C1
S113114090E036C0802F869586958695E82FFF27F8
S1131150ED5EFD4F202F277081E090E002C0880FE4
S1131160991F2A95E2F7982F90958081892380838F
S113117000931D01802F992736C010922201C09040
S11311806B01B090BC01E0906801F09069018FB7E9
S1131190F894D82E80911E018330C9F580910C01FA
S11311A08C15A9F580911302882349F681E090E01B
S11311B0892B19F580911D01082F11270F5F1F4FEF
S11311C00130110511F400E010E0802F0E9401119C
S11311D0882309F0B7CF80911D01992708171907B3
S11311E069F78FEF90E0809383028FEF80930C0177
S11311F081E080931E018DE008C081E080930C01A2
S113120010921E0180931F018FE00E94AA0DDFBE81
S11312108C2D9927892B09F045C1C701BB2011F0FA
S11312208FEF9FEF2091B7012A3008F03BC1FAC03D
S11312308FB7F894282F33278091B30180930D0141
S1131240F3E0FF2EF09224012FBF80910D01992726
S1131250009719F0019789F025C1159A1D9A0E94EB
S1131260C810DC01CB01E1E0EE2E0AE010E020E042
S113127030E0AC01BD0182E00FC0A09AA89A0E94A0
S1131280C810DC01CB0171E0E72E0AE010E020E099
S113129030E0AC01BD018F2D0E94A81003C1109253
S11312A0CF0100C18FB7F894282F332780916601AE
S11312B080930E0183E0809326012FBF00910E01DD
S11312C081E00E940E10882309F4ECC080912A0169
S11312D0882309F0E7C011E082E08093CF011093E6
S11312E0E3020E94241010932A0100931903DAC028
S11312F00E94840FD7C080912901813009F0D2C0A7
S1131300A898A09887E10E94AA0DCCC081E00E9411
S1131310020F1092290180912801813011F40E945A
S1131320840F8FB7F89499271092280110922701FF
S11313308FBFB8C080E090E036C0802F8695869538
S11313408695E82FFF27E259FE4F202F277081E072
S113135090E002C0880F991F2A95E2F7982F909584
S113136080818923808300932501802F992736C0AB
S113137010922A01C0901903B090A701E090E502F1
S1131380F090E6028FB7F894D82E8091260183302E
S1131390C9F580910E018C15A9F580916E01882301
S11313A049F681E090E0892B19F580912501082FF9
S11313B011270F5F1F4F0130110511F400E010E0F9
S11313C0802F0E94F90F882309F0B7CF809125015F
S11313D099270817190769F78FEF90E08093660142
S11313E08FEF80930E0181E08093260184E108C091
S11313F081E080930E01109226018093270186E1FB
S11314000E94AA0DDFBE8C2D9927892B09F04AC0B2
S1131410C701BB2011F08FEF9FEF2091B7012A3055
S113142008F040C0E22FFF27EE0FFF1FE050FD4FF2
S11314302F5F2093B7018183892F9927808332C03E
S113144040E050E0A3EFB2E08091F302882351F131
S113145031E020E09C91892F832371F0822F840F47
S1131460E82FFF27EE0FFF1FE952FE4F1082118273
S1131470832F809598239C93330F2F5F283050F34C
S113148011C080910F01E82FFF27EE0FFF1FE952D3
S1131490FE4F41E0608171810E946F0A03C0822F78
S11314A00E94C102A0960FB6F894DEBF0FBECDBF56
S11314B0DF91CF911F910F91FF90EF90DF90CF902C
S11314C0BF90AF909F908F9008958FB7F894282F76
S11314D033278BB392E089278BBB2FBF0895DF920C
S11314E0EF92FF920F931F93CF93DF93D42EC82FC5
S11314F0DD27FE01EC0FFD1FE952FE4F1082118221
S113150080910F019927019663E070E00E946C209E
S113151080930F0100E0382F432F5527FA01E40F81
S1131520F51FE952FE4F80819181892B99F0832F19
S1131530869586958695E82FFF27ED50FD4F80818F
S11315409927232F277002C0959587952A95E2F74E
S113155080FF0BC04F5F5F4FCA0163E070E00E94E1
S11315606C20382F0F5F0330B8F230930F01033033
S113157018F083E080930F01E0910F01E330E8F469
S1131580FF27EE0FFF1FE952FE4F00811181F80182
S11315908385E82EFF24C8010E94FB0ABC01F801E0
S11315A080818D509927282FA8018E2D0E94060B2B
S11315B0882319F08AE10E94AA0DC130D10561F097
S11315C0C230D1051CF4CD2B21F00DC0229739F087
S11315D00AC0DD2041F405C0DD2029F402C0DD206D
S11315E011F40E94650ADF91CF911F910F91FF9032
S11315F0EF90DF900895FC0187819927382F2227E7
S113160086819927282B392BC90108951F93CF93DD
S1131610DF93EA01122F2D3118F082E090E064C0CC
S11316208B876E83872F99278F838FB7F894282F02
S113163033278091B1019091B2012FBF8C83892F00
S113164099272496898324970E94780B8887892F69
S11316509927289689832897FE01319681819927B5
S1131660382F222789819927282B392B2064386821
S11316702983832F99278183135F18831D508091B9
S11316800901882319F489E090E004C0109209014B
S113169080E090E0892B71F4612FCE010E94900BC1
S11316A09927282F882319F08FEF80930901822F1F
S11316B099271AC0812F99279093D1018093D00143
S11316C0D0931C01C0931B01C0E08CE00E94AA0DC2
S11316D080910901C81719F489E090E004C0C0930F
S11316E0BD0180E090E09927DF91CF911F9108958B
S11316F08FB7F894992720910601309107018FBF85
S1131700C90108958FB7F894282F332790E080916A
S11317100A018F3F09F491E02FBF892F992708957B
S1131720DF92EF92FF920F931F93CF93DF93EC011D
S11317308FB7F894082F1127CE010E943D0CFC01AD
S11317408FE380830FBF1092F5021092F40211E030
S1131750D12E6D2D82E00E948B0C082F11270023BF
S113176009F080C080918602982F8D0D80938602A7
S11317709B838FB7F894E82EFF2462E08D2D0E949E
S1131780A30C882321F4EFBE81E090E062C08FB700
S1131790F894282F332784E0809376022FBFD093C8
S11317A0D301C093D201EFBEFE0131968181992706
S11317B0382F222789819927282B392B20723C7CAA
S11317C02983832F992781839927382F2227898179
S11317D09927282B392B21642983832F99278183E7
S11317E00CA708A709A7FE01BE96138212821182D4
S11317F080E890E0A0E0B0E08EA7D092790240911A
S1131800D2015091D3018FB7F894282F33278091B8
S11318101701909118018830910511F0019711F08A
S11318202FBF15C082E090E09093180180931701B8
S1131830D09218035093B6014093B50100932F0141
S11318402FBF0E94B50C882311F40E94E60D80E09E
S113185090E09927C82F882311F00E94FB0E8C2F4B
S1131860992702C085E090E09927DF91CF911F91DD
S11318700F91FF90EF90DF900895CF93DF93FC01D9
S1131880DC01119611968C91119799276181969597
S1131890879596958795837090708230910559F05D
S11318A0833091051CF4009731F007C0039729F4A5
S11318B048E050E004C0AC0102C04CE95FEF11966F
S11318C08C919927382F2227862F9927282B392B5B
S11318D024E0329F212D332711242230310569F071
S11318E02330310524F42115310539F008C02330A3
S11318F0310529F488E090E004C0C90102C08CE9F4
S11319009FEF480F591F4A5F5F4F4E0F5F1FCA0179
S1131910DF91CF910895282F91E08FB7F894382F55
S1131920662339F0E22FFF27EB58FD4F808188238F
S113193031F4E22FFF27EB58FD4F608390E03FBF67
S1131940892F99270895982F8FB7F894482F5527F2
S113195030E0E92FFF27EB58FD4F8081861709F40B
S113196031E04FBF832F99270895CF9383E00E94DE
S1131970C40C9927C82F882319F083E00E944B0DCB
S11319808C2F9927CF910895EF92FF920F931F9375
S1131990CF93DF93F82E8FB7F894082F1127E02EFA
S11319A061E080E00E948B0CC82FDD27CC2321F05E
S11319B00FBF85E090E035C08C2F0E94180D88235E
S11319C021F0F09202012C2F29C090911601992345
S11319D041F482E0809316019093050180E090E049
S11319E002C081E090E09927C82F882311F40E9457
S11319F0270D8C2F9927282F882311F4B89AC09883
S1131A00822F9927282F882319F4F092020106C007
S1131A108FB7F8949927109275028FBFEFBE822F6B
S1131A209927DF91CF911F910F91FF90EF90089527
S1131A30982F80910501891739F48091160182301D
S1131A4019F481E090E0089580E090E008951F93F8
S1131A5010E0812F0E943F0DBA9ABB98B99AB89AA8
S1131A606C9A812F0E94450D6B986A9881E00E94C0
S1131A703F0D709A8DB18C7F8DB91F910895882385
S1131A8011F06E9A08956E980895882311F06F9A54
S1131A9008956F9808950F931F93CF93DF93C82FE2
S1131AA08FB7F894082F11E0612F80E00E948B0C0F
S1131AB099278823D9F5C09302010E94180DC82FD5
S1131AC0DD27CC2311F086E00FC00E94DC0D8823B3
S1131AD011F40E94270D80911601882341F410937C
S1131AE016018093A50188E00E94AA0D2BC09C2FAB
S1131AF08091C2018F3F21F480910401882309F46D
S1131B00912F292F33272223E9F4809103018F3F5A
S1131B1019F42093030107C080910401E82FFF27E3
S1131B20EE53FE4F2083109204010CC081E090E03C
S1131B3002C0880F991FCA95E2F720911501282B3E
S1131B40209315010FBF80E090E0DF91CF911F91AA
S1131B500F910895982F8FB7F894482F20E030E024
S1131B60E92FFF27E75BFE4F80818F3F21F48091AF
S1131B701703891711F421E030E0222399F48091AE
S1131B80E0028F3F19F49093E00207C0809117039D
S1131B90E82FFF27E75BFE4F90839093170381E0C4
S1131BA090E002C080E090E0882311F485E001C059
S1131BB080E04FBF9927089580911601882319F476
S1131BC080E090E0089581E090E00895FF920F9303
S1131BD01F93CF93DF930091B5011091B601F801E3
S1131BE082A59927C82F882309F4CFE1C098809152
S1131BF06C018C1741F08C2F9927806E9068BC0182
S1131C0085E10E942D0EC0936C01F801F080FA94D6
S1131C108FB7F894C82FDD2760E0862F0E94A30CAD
S1131C20882311F0CFBF13C0CFBF8EE390E0909311
S1131C30CC018093CB018091CB010E94540E8F2D57
S1131C409927AC0160E070E0C8010E94640EDF9146
S1131C50CF911F910F91FF900895FF920F931F93BF
S1131C60CF93DF93F82E8B018FB7F894C82FDD271D
S1131C7060E0862F0E94A30C882321F0CFBF80E070
S1131C8090E00CC0CFBF8F2D0E94540E812F992756
S1131C900E94540E802F0E94540E9927DF91CF91F9
S1131CA01F910F91FF9008951F93182F81E00E94B8
S1131CB03F0D1FB980E090E0779981E0892BD1F343
S1131CC08FB199271F910895CF93DF939C01EA0167
S1131CD08FB7F894992750932E0140932D01309398
S1131CE0F9022093F802709339026093380210923B
S1131CF0D6011092D5018FBF452B31F08FB10E94D0
S1131D008C0E482F552704C087E00E94AA0DAE010F
S1131D10CA01DF91CF9108958F929F92AF92BF92A3
S1131D20CF92DF92EF92FF920F931F93CF93DF93A3
S1131D308FB7F8949927C090F802D090F902809058
S1131D40380290903902C091D501D091D6019E01FC
S1131D50265F3F4F40912D0150912E0142175307AA
S1131D6008F49A018FBF59010894A108B108CA1553
S1131D70DB05E8F47E01E80CF91C8E010C0D1D1D39
S1131D80C114D10419F0F801808101C080E00E94DF
S1131D90540E8114910411F0F701808321960F5F92
S1131DA01F4F0894E11CF11CCA15DB0548F381E0C0
S1131DB00E94450D8FB7F894982FC114D10431F0C7
S1131DC0CC0EDD1EF60180818FB901C01FB8D093FF
S1131DD0D601C093D5019FBF80E090E0DF91CF9101
S1131DE01F910F91FF90EF90DF90CF90BF90AF9035
S1131DF09F908F9008958FB7F89499271092770247
S1131E008FBF08951F93CF93DF93982F8FB7F894C4
S1131E10182F80912401833009F05AC080910D015C
S1131E20891709F055C080914701882309F043C000
S1131E3081E090E0892B09F041C080912301C82FF3
S1131E40DD272196C230D10511F4C0E0D0E08C2FFB
S1131E500E946F0F8823A1F4809123019927C8174A
S1131E60D90779F78FEF90E08093B3018FEF8093D8
S1131E700D0181E08093240182E10E94AA0D24C017
S1131E808C2F869586958695E82FFF27E95BFE4F74
S1131E902C2F277081E090E002C0880F991F2A95AB
S1131EA0E2F7982F9095808189238083C093230142
S1131EB08C2F9927D9CF80E090E0BCCF82E080932B
S1131EC00D011092240137981FBF80E090E003C0F9
S1131ED01FBF81E090E0DF91CF911F910895282FDB
S1131EE0869586958695E82FFF27E95BFE4F277038
S1131EF081E090E002C0880F991F2A95E2F72081C3
S1131F002823822F9927089580912901882369F431
S1131F1081E00E94980F9927282F882319F481E0E3
S1131F2080932901822F9927089581E090E00895F4
S1131F301F93CF93DF93C82F8FB7F894282F33279D
S1131F40122F80912401882331F18091B3018C17E1
S1131F5011F42FBF48C08C2F0E946F0F8823B1F457
S1131F608C2F869586958695E82FFF27E95BFE4F93
S1131F70C77081E090E002C0880F991FCA95E2F70C
S1131F802081282B208380E090E002C085E090E04F
S1131F901FBF99272AC081E080932401C093B30115
S1131FA02FBF8FB7F8949927379A8FBF8FB7F894BC
S1131FB0C82FDD279C2F80910D01823099F48091E8
S1131FC02401813021F482E10E94AA0D09C08230EB
S1131FD049F48091B30180930D0183E0809324013F
S1131FE0CFBF01C09FBF80E090E0DF91CF911F91F0
S1131FF00895282F869586958695E82FFF27E25920
S1132000FE4F277081E090E002C0880F991F2A9547
S1132010E2F720812823822F99270895982F8FB7DC
S1132020F894282F3327422F80910D01891741F40A
S113203080912401833021F42FBF81E090E0089542
S11320404FBF80E090E008952091E302822F99270A
S1132050009721F08130910521F002C081E001C098
S11320608FE1582F822F9927009711F0019711F4CF
S113207028E001C020E033278FB7F894E82F80913F
S11320806D018E7F80936D01322F27B160E070E087
S1132090922F929596959695937080E0891749F4BE
S11320A0852F8850863118F42F71521711F461E08E
S11320B070E0862F880F20916D012D7F282B952F9E
S11320C09F71892F880F880F2378282B20936D0107
S11320D0892F992787B9406C21702295220F207E81
S11320E04F7D422B4861383059F58091E10290913F
S11320F0E20221E08638920718F087E090E01FC0E2
S1132100833C910518F086E090E019C08136910572
S113211018F085E090E013C08033910518F084E056
S113212090E00DC08831910518F083E090E007C07D
S11321300C9718F082E090E002C080E090E0382F25
S11321403770487F432B842F992786B9EFBF0895B2
S1132150EF920F931F93E82F9E2D89E0E89FF001E3
S11321601124EC5EFD4F40835183628373830483A7
S1132170158326833783917080858E7F892B8260B7
S113218080878BE00E94AA0D1F910F91EF90089514
S11321908FB7F894982F82B7209130013091310194
S11321A0409132015091330106B601FE0FC081B750
S11321B0280F311D411D511D82B7280F311D411DAE
S11321C0511D2F5F3F4F4F4F5F4F04C0280F311DEC
S11321D0411D511D9FBFCA01B9010895809121017C
S11321E0882361F40E94980F9927282F882319F4D3
S11321F081E080932101822F9927089581E090E066
S11322000895282F869586958695E82FFF27ED5EFD
S1132210FD4F277081E090E002C0880F991F2A9536
S1132220E2F720812823822F99270895CF93DF9303
S1132230C0911B01D0911C018091D001682FCE0167
S11322400E94900B482F5527442371F08FEF809301
S113225009018B85282F332780911B0190911C0144
S1132260BC01822F0E943711DF91CF9108959B0109
S113227080910F01833068F4E82FFF27EE0FFF1FD2
S1132280E952FE4F608171816217730711F40E9455
S11322906F0A08956F927F928F929F92AF92BF922E
S11322A0CF92DF92EF92FF921F93CF93DF936B0154
S11322B07C01AA24BB2464E172E0FB01108511FFB8
S11322C01BC12081318142815381D701C601821B08
S11322D0930BA40BB50B648075808680978086155C
S11322E09705A805B90508F407C110FF03C01D7FB1
S11322F0108709C0260D371D481D591DFB01208379
S11323003183428353838A2D99278230910509F4BE
S113231093C0833091051CF4019729F0F7C003970B
S113232009F4B9C0F3C08091B7018A3059F580919E
S11323301A0399278093FF021092FE026AE181E753
S113234091E00E9497122AE1FC01AAEFB2E00D90FD
S113235001922A95E1F76FEF7FEF81E791E00E9408
S1132360A01265E781E791E00E94A6124AE161E7C5
S113237071E081E00E94A912882311F00E94FD12ED
S11323801092B70190911A03913039F58FB7F894F0
S1132390C82FDD2780911E01882381F0809183025C
S11323A0882351F080E00E940111882329F4809150
S11323B01302816080931302CFBF0FC090931E015C
S11323C080938302CFBF80911F01882321F48EE084
S11323D00E94AA0D02C09093200190911A039923A0
S11323E009F094C08FB7F894C82FDD278091260197
S11323F0882389F080916601882309F479C0892FA4
S11324000E94F90F882309F073C080916E018160E6
S113241080936E016DC091E09093260180936601D4
S1132420CFBF80912701882321F485E10E94AA0D62
S11324306DC0909328016AC08FB7F894282F30E0BC
S113244090911E01992339F080910C01813021F47F
S11324509150923008F431E02FBF332309F456C071
S11324608FB7F894C82FDD279C2F80910C01813001
S113247009F040C080911E01813011F48DE02CC020
S1132480823009F037C08091830280930C0183E08D
S113249080931E012DC08FB7F894282F30E09091BF
S11324A02601992339F080910E01813021F4915055
S11324B0923008F431E02FBF332341F18FB7F89401
S11324C0C82FDD279C2F80910E01813099F48091D3
S11324D02601813021F484E10E94AA0D09C08230D2
S11324E049F48091660180930E0183E08093260174
S11324F0CFBF0CC09FBF0AC00894A11CB11C675F6A
S11325007F4FF4E0AF16B10408F4D7CE8BE00E94FD
S1132510AA0DDF91CF911F91FF90EF90DF90CF90A4
S1132520BF90AF909F908F907F906F9008959C0183
S11325306D3118F4C9010C96089580E090E0089577
S1132540FC016683872F992787830895FC0163879D
S11325500895AF92BF92CF92DF92EF92FF920F93C2
S11325601F93CF93DF93A82E7B01B42E82E08A15AC
S113257018F481E090E036C0CA2DDD27CC0FDD1FB2
S1132580C952DE4FC880D980C114D10419F085E046
S113259090E028C068837983EDE0BE0EFB01B08231
S11325A0F3EFBF0E80910F018330D8F0FB018385D8
S11325B0082F1127CB010E94FB0AA0920F012B2D9B
S11325C0A701BC01802F0E94060B9927282F88237E
S11325D029F083E080930F01C882D982822F992742
S11325E001C0C601DF91CF911F910F91FF90EF9031
S11325F0DF90CF90BF90AF9008958FB7F894282FB5
S113260033278BB394E089278BBB2FBF0895EF92B8
S1132610FF920F931F937B018C018FB7F894682F5F
S1132620772781E08093D401E0927102F0927202E4
S11326300093730210937402209342013093430178
S113264040934401509345016FBF0E942C131F9186
S11326500F91FF90EF9008950F931F93CF93DF9303
S113266010E08FB7F894282F3327022F91B782B741
S1132670981B86B7992311F081FF02C02FBF6AC04F
S11326808091D4018823B1F10E94C810DC01CB01F0
S1132690C0917102D0917202E0917302F0917402C0
S11326A08C1B9D0BAE0BBF0B20914201309143015B
S11326B0409144015091450182179307A407B5073F
S11326C020F01093D40111E015C02C0F3D1F4E1FB4
S11326D05F1F8091300190913101A0913201B0913E
S11326E03301281B390B4A0B5B0B273E310541058F
S11326F0510510F086EE05C0223010F482E001C0CE
S1132700822F682F615000B601FCFDCF82B7861777
S113271009F46F5F20913001309131014091320111
S113272050913301DA01C901860F911DA11DB11D1C
S11327300196A11DB11D82179307A407B50718F4CC
S113274060913001609561BF0FBF112319F08AE0D9
S11327500E94AA0DDF91CF911F910F9108958FB719
S1132760F89499272091C7013091C8018FBFC901FE
S113277008958FB7F894282F33278BB391E08927D6
S11327808BBB2FBF08950E9497120895FF920F9359
S11327901F938B01F42EBC01C8010E94A01266E6AF
S11327A0C8010E94A6124F2DB80182E00E94A9120E
S11327B099271F910F91FF9008951F93CF93DF9353
S11327C08FB7F894C82FDD271C2F80916401909156
S11327D06501892B29F484E00E941D14CFBF29C010
S11327E01092AA0120917001222331F080E090E040
S11327F0B79981E0892B49F481B1992766E09695D0
S113280087956A95E1F780FD08C0222319F02150CD
S1132810209370010E94CE140BC081E090E090934D
S11328206501809364011092700184E00E941D147C
S11328301FBFDF91CF911F910895CF93982F8FB72A
S1132840F894282F3327C22F809102018917A9F009
S11328502FBF81E090E037C04093020181E090E017
S113286002C0880F991F2A95E2F780955823509348
S1132870150186E00E94AA0D23C08FEF8093020108
S1132880509115015523A1F040E0842F65E00E948A
S11328904C20492F852F9927242F3327022E02C03D
S11328A0959587950A94E2F780FDD6CF4F5FEDCFDB
S11328B08FB7F8949927109275028FBF0E94651400
S11328C0CFBF80E090E0CF9108950F931F93CF93F3
S11328D0C0911501CC2351F4109102011F3F31F432
S11328E06C2F8C2F0E94A30C882319F481E090E0B4
S11328F051C001E00093850280914801882311F0C2
S1132900C093850280918502882309F441C08C2FED
S11329100E94180D8111C09A80911601823071F5C0
S113292090910501992351F5292F809103018F3F3F
S113293009F4202F2223F1F4109305018F3F79F03D
S1132940282F3327F901EE53FE4F80818093030132
S11329508F3F11F4109304011083C90102C08FEF5B
S113296090E08093A50181E08093160188E00E94A5
S1132970AA0D04C010930501909316010E94DC0D6A
S11329809927882311F40E943F0D80E090E002C053
S113299085E090E0CF911F910F91089582E090E03F
S11329A0909365018093640121E02093AA0190E053
S11329B080910201843009F4922F992329F484E050
S11329C00E94C40C882319F40E94EB14089584E037
S11329D00E944B0D0895C09880912B0190912C0179
S11329E041E0BC018FE30E94F6140895DF92EF9258
S11329F0FF920F931F93CF93DF93082F7B01D42E65
S1132A0010E08FB7F894C82FDD27612F812F0E9423
S1132A10A30C882321F0CFBF80E090E017C0CFBF84
S1132A200064802F99279093CC018093CB018091EF
S1132A30CB010E94540E182F8D2D9927AC01B7019C
S1132A4080E090E00E94640E812F9927DF91CF915E
S1132A501F910F91FF90EF90DF900895EF92FF92F6
S1132A600F931F938091CB019091CC013091CB01B6
S1132A7086FF05C03F7B832F0E94421D54C03E3316
S1132A8009F051C0C09A80911701909118010897DC
S1132A90D1F4C09889E00E94B515C09A83E00E94E1
S1132AA01D1481E090E090931801809317018FB773
S1132AB0F894282F332783E0809311012FBF82E0FD
S1132AC00E94AA0D30C080911803882349F484E041
S1132AD090E090931801809317010E94F51523C08C
S1132AE083E00E941D1483E090E09093180180938A
S1132AF017010E948416DC01CB0166E371E00E9499
S1132B0058200B9690934101809340017C0100274B
S1132B1011270E94D117DC01CB01A8019701BC0148
S1132B20CD010E9402171F910F91FF90EF9008951D
S1132B300E94A915C09AC09888E00E94B51588E043
S1132B400E94B515C09A84E00E941D140E94DD13F2
S1132B50089580E8809346011092AA011092E4023D
S1132B601092DF021092700108951F93CF93DF93A8
S1132B70182F8FB7F894C82FDD2760E0862F0E94A6
S1132B80A30C882321F0CFBF80E090E005C0CFBF25
S1132B90812F0E94540E9927DF91CF911F910895A0
S1132BA09C01FC0115A6BE9613821282118280E854
S1132BB090E0A0E0B0E0F90186A708951F93182FD4
S1132BC081E090E0909318018093170110924801DE
S1132BD00E9465148FB7F8949927109311018FBF41
S1132BE082E00E94AA0D1F9108950F931F93CF9323
S1132BF0DF9311E08FB7F894C82FDD270C2F809155
S1132C001701909118010897D1F489E00E94B51535
S1132C1083E00E941D14C09A81E090E09093180113
S1132C20809317018FB7F894282F332783E080937C
S1132C3011012FBF82E00E94AA0DCFBF34C0C098FB
S1132C4080911803882311F085E001C084E00E947C
S1132C50B51583FD05C080E00E94B51583FD10E025
S1132C60112319F083E090E002C085E090E0909396
S1132C70180180931701C09A0FBF112341F01092DD
S1132C802F0183E00E941D140E9458160CC00E945C
S1132C90D117DC01CB0120E431E040E050E0BC017D
S1132CA0CD010E940217DF91CF911F910F910895DA
S1132CB0CF92DF92EF92FF920F931F938FB7F89406
S1132CC0C82EDD240E948416DC01CB0166E470E08A
S1132CD00E9458200B9690931503809314037C0153
S1132CE0002711270E94D117DC01CB01A80197010D
S1132CF0BC01CD010E940217CFBE1F910F91FF901E
S1132D00EF90DF90CF9008952F923F924F925F9271
S1132D106F927F928F929F92AF92BF92CF92DF92E7
S1132D20EF92FF920F931F93CF93DF93CDB7DEB74C
S1132D3028970FB6F894DEBF0FBECDBF2090B80120
S1132D403090B9014090BA015090BB016624AEE4C2
S1132D50AA2EF3E8BF2EC62CD62CE62CF62C062D74
S1132D60162D222D332D442D552D662D762D862D91
S1132D70962D0E94C31E29833A834B835C836D8303
S1132D807E838F839887822E932EA42EB52E2401C2
S1132D903501769467945794479400E20E94B71FD4
S1132DA0A22EB32EC42ED52EC601B501640D751DF9
S1132DB0861D971D97FF05C09F776F5F7F4F8F4FCD
S1132DC09F4F6093B8017093B9018093BA019093B7
S1132DD0BB0128960FB6F894DEBF0FBECDBFDF91BE
S1132DE0CF911F910F91FF90EF90DF90CF90BF9004
S1132DF0AF909F908F907F906F905F904F903F9097
S1132E002F9008950F931F93DC01CB016FB7F894B3
S1132E10062F11278093C3019093C401A093C50189
S1132E20B093C6012093BE013093BF014093C0010B
S1132E305093C1010E9420170FBF1F910F91089555
S1132E40AF92BF92CF92DF92EF92FF920F931F93B4
S1132E50CF93DF930E94D1177B018C018091C30132
S1132E609091C401A091C501B091C601A090BE018A
S1132E70B090BF01C090C001D090C1019C01AD01D0
S1132E802A0D3B1D4C1D5D1DFA01E901CE19DF0918
S1132E90E00BF10BE816F9060A071B0730F02817B8
S1132EA039074A075B0778F005C0281739074A072E
S1132EB05B0728F4E216F3060407150720F0C0E0C8
S1132EC0D0E0E0E0F0E0C13020E8D20720E0E20703
S1132ED020E0F20748F180E090E8A0E0B0E0E80EDE
S1132EE0F91E0A1F1B1FE092C301F092C401009354
S1132EF0C5011093C60180E090E8AFEFBFEFE80E84
S1132F00F91E0A1F1B1FC80FD91FEA1FFB1FC093FE
S1132F10BE01D093BF01E093C001F093C101C0E0B2
S1132F20D0E8E0E0F0E014C08A0D9B1DAC1DBD1D8F
S1132F308093C3019093C401A093C501B093C601CB
S1132F401092BE011092BF011092C0011092C101F3
S1132F50BE012CB53DB5C9018E199F0903968C1786
S1132F609D0720F0B9016D5F7F4F02C06E0D7F1D7C
S1132F706115710511F461E070E0615070407BBD32
S1132F806ABD80E186BF87B7806187BFDF91CF913B
S1132F901F910F91FF90EF90DF90CF90BF90AF9073
S1132FA008958FB7F894682F772780911102909134
S1132FB012022CB53DB506B602FE03C001962CB52F
S1132FC03DB5AA27BB2744275527DC019927882725
S1132FD0822B932BA42BB52B6FBFBC01CD0108957D
S1132FE08FB7F8949927209184028FBF85E0289F9A
S1132FF0C0011124825D9E4F9064BC0188E10E944F
S11330002D0E0895CF938FB7F894C82F60E070E029
S113301080916F01882321F08091F702811161E092
S1133020762F6627770F770F770F20E030E08091B7
S1133030B401882321F080917A02811121E0E4E037
S1133040220F331FEA95E1F7622B732B626E7262D3
S113305081E10E942D0ECFBFCF910895CF93DF93CE
S1133060CDB7DEB72C970FB6F894DEBF0FBECDBF39
S11330708FB7F894282F332788E0DE011196EBE709
S1133080F2E001900D928A95E1F78091B10190915F
S1133090B2018987892F99278A878091C7019091E6
S11330A0C8018B87892F99278C872FBF2CE0AE010D
S11330B04F5F5F4F60E080E691E00E9468182C96B5
S11330C00FB6F894DEBF0FBECDBFDF91CF91089548
S11330D0AF92BF92CF92DF92EF92FF920F931F9322
S11330E0CF93DF93EC01D62E5A01F22EEE24C22E9A
S11330F08FB7F894082F11276E2D8E2D0E94A30CE4
S1133100882321F00FBF80E090E01DC00FBFCD0DDC
S1133110D11D8C2F80680E94540EE82ED695C79539
S11331208C2F807C0E94540EFF2059F0EC2DFF2739
S1133130EF19F109EA0DFB1D80810E94540EFA94E7
S1133140A9F78E2D9927DF91CF911F910F91FF90B1
S1133150EF90DF90CF90BF90AF90089597B79F7D89
S113316097BF90E296BF882319F08EB5806402C0A1
S11331708EB58F7B8EBD87B7806287BF80E090E07D
S11331800895AF92BF92CF92DF92EF92FF920F9386
S11331901F93CF93DF93CDB7DEB728970FB6F8947C
S11331A0DEBF0FBECDBF20E0F091000132E14DE65D
S11331B05CE46FE480910101A22EB32EC42ED52EBF
S11331C0E62E082F2A2D3B2D4C2D5D2D6E2D7A2DAC
S11331D0802F9F2F28960FB6F894DEBF0FBECDBF69
S11331E0DF91CF911F910F91FF90EF90DF90CF90DF
S11331F0BF90AF9008951F920F920FB60F921124B3
S11332002F933F934F935F936F937F938F939F93EA
S1133210AF93BF93EF93FF9383B783BF00B600FCD4
S1133220FDCF81B7992701969C01442755278091AA
S1133230300190913101A0913201B0913301820F9C
S1133240931FA41FB51F8093300190933101A09365
S11332503201B093330178940E942C13FF91EF91C3
S1133260BF91AF919F918F917F916F915F914F919A
S11332703F912F910F900FBE0F901F9018951F92A2
S11332800F920FB60F9211248F9383B783BF00B6AA
S113329000FCFDCF8F910F900FBE0F901F901895DB
S11332A078941F920F920FB60F9211242F933F938D
S11332B04F935F936F937F938F939F93AF93BF933A
S11332C0CF93EF93FF9387B78F7E87BF78948FB7A1
S11332D0F894C82F8091BE019091BF01A091C001C4
S11332E0B091C1010097A105B10509F05CC08091BE
S11332F017019091180185309105B9F18630910537
S113330030F48330910549F0049731F13AC08730A5
S1133310910549F1089701F134C080B3992726E05B
S1133320969587952A95E1F780FF13C084E090E095
S113333090931801809317010E94D117DC01CB01EF
S113334027E030E040E050E0BC01CD010E940217CC
S113335018C00E94581615C00E94B50C882389F421
S11333600E94F5150EC080E00AC089E00E94B515E0
S113337081E00E94AE1883E00E941D1487E00E9441
S1133380DE158091120190911301019771F482E08E
S113339090E09093130180931201DE98DE9A80E00E
S11333A00E944B0D02C00E942017CFBFFF91EF91E6
S11333B0CF91BF91AF919F918F917F916F915F91C9
S11333C04F913F912F910F900FBE0F901F90189522
S11333D078941F920F920FB60F9211240F900FBE84
S11333E00F901F90189578941F920F920FB60F921A
S11333F011240F900FBE0F901F90189578941F9270
S11334000F920FB60F9211249F92AF92BF92CF9258
S1133410DF92EF92FF920F931F932F933F934F935B
S11334205F936F937F938F939F93AF93BF93CF9348
S1133430DF93EF93FF93C6B5D7B5BB248FB7F8944A
S1133440982E0E94D1179B01AC01CB018C1B9D0BC4
S1133450AA27BB2769017A01C81AD90AEA0AFB0A12
S113346080911701909118018530910521F00697FC
S113347009F4CBC0F5C086E090E0909318018093E6
S1133480170171E0A72EA092A801B09219018B2D0B
S11334900E94AE182091B5013091B601F901BE9693
S11334A0C382BB27AF2D9E2D8D2D8283C701AA27F2
S11334B0BB2781838F2D9927AA27BB27F90186A7CC
S11334C0E091B501F091B60185A5882309F485C082
S11334D080818550682F77278F01060F111DF80111
S11334E080819927AA27BB27582F442733272227CF
S11334F081819927AA27BB27DC0199278827282BB4
S1133500392B4A2B5B2B82819927AA27BB27BA2FF9
S1133510A92F982F8827282B392B4A2B5B2B8381A3
S11335209927AA27BB27282B392B4A2B5B2B2C192D
S11335303D094E095F092383BB27A52F942F832FB1
S11335408283CA01AA27BB278183852F9927AA27AB
S1133550BB278083C09824E0A80180E090E00E940B
S11335606818C09AF80180819927AA27BB27582F89
S113357044273327222781819927AA27BB27DC01E7
S113358099278827282B392B4A2B5B2B8281992753
S1133590AA27BB27BA2FA92F982F8827282B392B86
S11335A04A2B5B2B83819927AA27BB27282B392BEE
S11335B04A2B5B2B2C0D3D1D4E1D5F1D2383BB270A
S11335C0A52F942F832F8283CA01AA27BB27818327
S11335D0852F9927AA27BB278083E091B501F09115
S11335E0B601818185FF02C0A092480183E00E9458
S11335F01D1487B78F7E87BF80B39927F4E0969513
S11336008795FA95E1F780FD93C01092A80181E0B7
S11336100E94AE18E091B501F091B601818185FF59
S113362013C087E090E090931801809317010E94E3
S1133630D117DC01CB0120E031E040E050E0BC01D7
S1133640CD010E94021703C080E00E94DE1580B302
S11336509927E4E096958795EA95E1F780FF68C09D
S113366080911901882309F040C09091A801992301
S1133670E1F581E08093A801892F0E94AE1880B300
S1133680992774E0969587957A95E1F761E0B62ECF
S1133690B8224091DF024830C0F48091E402840FE4
S11336A0912D911D9C01887F9370281BE22FFF2789
S11336B0EE0FFF1FEE0FFF1FE557FD4FC082D182B3
S11336C0E282F3824F5F4093DF0281E0809319012D
S11336D0D093CE01C093CD0180B3992734E0969561
S11336E087953A95E1F780FD23C08091A801813048
S11336F0F9F41092A8010E94AE1810921901BB208F
S1133700B9F48091CD019091CE01C81BD90B2A97B1
S113371078F48091DF02882319F081508093DF02CE
S11337208091B5019091B601009711F00E94D015D7
S11337309FBEFF91EF91DF91CF91BF91AF919F9188
S11337408F917F916F915F914F913F912F911F9135
S11337500F91FF90EF90DF90CF90BF90AF909F902C
S11337600F900FBE0F901F90189578941F920F9290
S11337700FB60F9211242F933F938F939F938FB77C
S1133780F894282F33278091110290911202019608
S113379090931202809311022FBF9F918F913F91BA
S11337A02F910F900FBE0F901F9018951F920F929C
S11337B00FB60F9211240F900FBE0F901F90189503
S11337C01F920F920FB60F9211240F900FBE0F90FD
S11337D01F9018951F920F920FB60F9211240F90FD
S11337E00FBE0F901F9018951F920F920FB60F9255
S11337F011240F900FBE0F901F9018951F920F92D7
S11338000FB60F9211240F900FBE0F901F901895B2
S11338101F920F920FB60F9211240F900FBE0F90AC
S11338201F9018951F920F920FB60F9211242F9389
S11338303F934F935F936F937F938F939F93AF9334
S1133840BF93EF93FF938091640190916501019779
S113385049F482E090E090936501809364010E94B2
S1133860CE1405C0809170018F5F80937001FF9129
S1133870EF91BF91AF919F918F917F916F915F91E4
S11338804F913F912F910F900FBE0F901F9018955D
S11338901F920F920FB60F9211240F900FBE0F902C
S11338A01F9018951F920F920FB60F9211242F9309
S11338B03F934F935F936F937F938F939F93AF93B4
S11338C0BF93EF93FF938FB1282F3327E0913802F2
S11338D0F0913902309739F08091D5019091D60159
S11338E0E80FF91F20838091D5019091D6010196AC
S11338F09093D6018093D50180E00E94450D30E07D
S11339008091D5019091D60140912D0150912E01C5
S11339108417950708F431E0332319F00E948C0EC4
S11339201EC08091380290913902E091F802F09122
S1133930F90210923902109238021092F902109290
S1133940F80210922E0110922D011092D6011092BD
S1133950D5012FB1232FBC01CF010E942E15FF9159
S1133960EF91BF91AF919F918F917F916F915F91F3
S11339704F913F912F910F900FBE0F901F9018956C
S11339801F920F920FB60F9211242F933F934F93D0
S11339905F936F937F938F939F93AF93BF93EF93B3
S11339A0FF9364B175B178948FB7F894282F3327B7
S11339B080916D01482F46954170582F51702FBF4B
S11339C0552399F533988091CF019927813091053A
S11339D019F0029749F03FC0442341F070933B0231
S11339E060933A0283E11EC0442319F40E94241018
S11339F032C05093CF018091E3029927009719F0C8
S1133A00019749F028C05093BC01709369016093F9
S1133A10680181E107C05093A7017093E6026093A7
S1133A20E50288E10E94AA0D16C08FB7F894992781
S1133A308FBF8FB7F894482F552786B18061877759
S1133A40282F332726B98F7B282F332726B9806860
S1133A50992786B94FBFFF91EF91BF91AF919F9185
S1133A608F917F916F915F914F913F912F910F9023
S1133A700FBE0F901F9018958FB7F894992708954B
S1133A808FBF0895EF92FF920F931F93CF93DF930D
S1133A907B0199278E33910509F46EC1CF9709F004
S1133AA06BC1C0912B01D0912C01588150936701B7
S1133AB080916401909165018530910509F450C0AD
S1133AC08630910518F4029729F050C1069709F43D
S1133AD09BC04CC185E090E09093650180936401A4
S1133AE0252F33272F5F3F4F40914601842F99277D
S1133AF08217930794F180E090E0B79981E0892BD5
S1133B0069F481B1992766E0969587956A95E1F7FE
S1133B1080FD04C0451B415040934601209167013C
S1133B202A32D8F4222391F0BE016F5F7F4F2830F0
S1133B3018F047E050E063C086E090E090936501A0
S1133B4080936401822F9927AC0159C02093AA0164
S1133B50C09A84E00E941D1406C10E9498150CC1ED
S1133B6086E090E090936501809364018091B401B4
S1133B70882309F43DC080917A028823C9F589819C
S1133B8085FF36C046E0E42EF12CEC0EFD1EF70155
S1133B9081819927182F00278E819927082B192BAB
S1133BA00E94AF130817190761F0F7018181992763
S1133BB0382F22278E819927282B392B2F5F3F4FAF
S1133BC0B9F48981992787709070019789F4C09A14
S1133BD0C0988AE00E94B515C09AC0982896809132
S1133BE067018750482FBE018FE30E94F614C4C0BA
S1133BF028968091670187509927AC01BE0180E027
S1133C0090E00E94640EB8C0C09A8091700188232D
S1133C1019F484E00E941D1480917001882331F00E
S1133C2080E090E0B79981E0892B89F481B19927EC
S1133C3006E0969587950A95E1F780FF08C0909174
S1133C40DF02992321F0809167018B3038F4809151
S1133C502B0190912C010E94D01542C0913021F586
S1133C6060912B0170912C018091E402E82FFF27D1
S1133C70EE0FFF1FEE0FFF1FE557FD4F208131812F
S1133C8042815381FB01BE962383BB27A52F942F2A
S1133C90832F8283CA01AA27BB278183852F992773
S1133CA0AA27BB27FB0186A78091E40299270196E6
S1133CB09C01287F3170821B930B8093E4028091D6
S1133CC0DF0281508093DF02882351F080912B0121
S1133CD090912C010E94D0151092E4021092DF0200
S1133CE080916701FE01E80FF11D8081881F8827FC
S1133CF0881FC9F1EF28B9F10981077020912B01C0
S1133D0030912C01023049F5A091B501B091B60172
S1133D10109719F180911701909118010797E9F410
S1133D2013969C911397F90183818917B1F487B78E
S1133D308F7E87BF908181E09C968C939C97E90F3E
S1133D40F11D8291319698968C93989780818F7704
S1133D5099968C9380E00E94DE15013021F489E06D
S1133D600E94AA0D09C00E94DD1306C01092AA0188
S1133D70C09A84E00E941D14DF91CF911F910F918E
S1133D80FF90EF900895A0E3B0E0E9ECFEE10C941D
S1133D909E20222E332E442E552E662E772E882ECC
S1133DA0992E29863A864B865C866D867E868F861A
S1133DB0988AA98ABA8ACB8ADC8AED8AFE8A0F8B12
S1133DC0188FA984BA84CB84DC84A9A6BAA6CBA60E
S1133DD0DCA6860175018FEF9FEFA0E0B0E0E8223A
S1133DE0F9220A231B23160144245524A988BA88DE
S1133DF0CB88DC88ADA6BEA6CFA6D8AAA822B922B5
S1133E00CA22DB228DA59EA5AFA5B8A93D018824B1
S1133E109924C801B701A60195010E947F2069A3D6
S1133E207AA38BA39CA3C801B701A40193010E94A8
S1133E307F206DA37EA38FA398A7C201B101A60121
S1133E4095010E947F207B018C01C201B101A40174
S1133E5093010E947F209B01AC01A9A0BAA0CBA032
S1133E60DCA0C601AA27BB27ADA0BEA0CFA0D8A4C2
S1133E70A80EB91ECA1EDB1EAE0CBF1CC01ED11E6E
S1133E80ADA2BEA2CFA2D8A6AE14BF04C006D1066E
S1133E9020F4205030404F4F5F4FCDA0DEA0EFA064
S1133EA0F8A4C701AA27BB27820F931FA41FB51F1D
S1133EB08D8F9E8FAF8FB8A3A6013327222789A1A8
S1133EC09AA1ABA1BCA1A070B070280F391F4A1FE2
S1133ED05B1F298F3A8F4B8F5C8FA98CBA8CCB8C4C
S1133EE0DC8CED8CFE8C0F8D18A1ED82FE820F838D
S1133EF018872D893E894F89588D69A57AA58BA588
S1133F009CA50E947F203B014C018D859E85AF8539
S1133F10B889BC01CD012DA53EA54FA558A90E9485
S1133F207F20DC01CB01680E791E8A1E9B1E8D81C9
S1133F309E81AF81B885860D971DA81DB91D8D83FF
S1133F409E83AF83B8876D817E818F819885E62EAD
S1133F50F72E082F192F2A2D3B2D4C2D5D2D6E2D5C
S1133F607F2D802F912FE2E1E0960C94BA208F925E
S1133F709F92AF92BF92CF92DF92EF92FF920F93F4
S1133F80CF93DF93CDB7DEB768970FB6F894DEBF53
S1133F900FBECDBF002309F45DC029873A874B8744
S1133FA05C876D877E878F87988B20E2201B121693
S1133FB0CCF58D859E85AF85B889AC01BD0104C063
S1133FC0440F551F661F771F2A95D2F7202F3327DA
S1133FD027FD3095022E04C0B695A7959795879531
S1133FE00A94D2F78D839E83AF83B88789859A8597
S1133FF0AB85BC8504C0B695A795979587952A95FA
S1134000D2F7842B952BA62BB72B89839A83AB836A
S1134010BC8329813A814B815C816D817E818F8152
S1134020988518C01D821E821F821886822F9927A8
S113403087FD909522273327281B390B8D859E8574
S1134040AF85B88904C0B695A795979587952A95A5
S1134050D2F7DBCF298B3A8B4B8B5C8B6D8B7E8BB2
S11340608F8B988F29893A894B895C896D897E89E0
S11340708F89988D68960FB6F894DEBF0FBECDBFBA
S1134080DF91CF910F91FF90EF90DF90CF90BF9091
S1134090AF909F908F900895991B79E004C0991F69
S11340A0961708F0961B881F7A95C9F7809508958E
S11340B0AA1BBB1B51E107C0AA1FBB1FA617B7074A
S11340C010F0A61BB70B881F991F5A95A9F7809566
S11340D09095BC01CD01089597FB092E07260AD0BF
S11340E077FD04D0E5DF06D000201AF470956195C1
S11340F07F4F0895F6F7909581959F4F0895629F9D
S1134100D001739FF001829FE00DF11D649FE00DCB
S1134110F11D929FF00D839FF00D749FF00D659F2C
S1134120F00D9927729FB00DE11DF91F639FB00D2B
S1134130E11DF91FBD01CF01112408952F923F9273
S11341404F925F926F927F928F929F92AF92BF92A3
S1134150CF92DF92EF92FF920F931F93CF93DF934F
S1134160CDB7DEB7CA1BDB0B0FB6F894DEBF0FBEAC
S1134170CDBF09942A88398848885F846E847D84F9
S11341808C849B84AA84B984C884DF80EE80FD80FB
S11341900C811B81AA81B981CE0FD11D0FB6F89471
S11341A0DEBF0FBECDBFED010895FB01DC0104C0ED
S11341B08D910190801921F441505040C8F7881B1B
S11341C0990B0895DC0101C06D9341505040E0F714
S10741D00895FFCF7C
S11341D40100FFFFFFFF010022FFFFFF01020103B3
S9030000FC
